<?xml version="1.0" encoding="UTF-8"?>
<testng-results skipped="0" failed="0" ignored="0" total="4" passed="4">
  <reporter-output>
  </reporter-output>
  <suite name="Suite" duration-ms="53711" started-at="2019-09-27T08:24:37Z" finished-at="2019-09-27T08:25:30Z">
    <groups>
    </groups>
    <test name="Test" duration-ms="53711" started-at="2019-09-27T08:24:37Z" finished-at="2019-09-27T08:25:30Z">
      <class name="FilterTest">
        <test-method status="PASS" signature="f1()[pri:0, instance:FilterTest@22f71333]" name="f1" duration-ms="16293" started-at="2019-09-27T08:24:37Z" finished-at="2019-09-27T08:24:53Z">
          <reporter-output>
          </reporter-output>
        </test-method> <!-- f1 -->
        <test-method status="PASS" signature="f2()[pri:0, instance:FilterTest@22f71333]" name="f2" duration-ms="12996" started-at="2019-09-27T08:24:53Z" finished-at="2019-09-27T08:25:06Z">
          <reporter-output>
          </reporter-output>
        </test-method> <!-- f2 -->
        <test-method status="PASS" signature="f3()[pri:0, instance:FilterTest@22f71333]" name="f3" duration-ms="13389" started-at="2019-09-27T08:25:06Z" finished-at="2019-09-27T08:25:19Z">
          <reporter-output>
          </reporter-output>
        </test-method> <!-- f3 -->
        <test-method status="PASS" signature="f4()[pri:0, instance:FilterTest@22f71333]" name="f4" duration-ms="10909" started-at="2019-09-27T08:25:19Z" finished-at="2019-09-27T08:25:30Z">
          <reporter-output>
          </reporter-output>
        </test-method> <!-- f4 -->
      </class> <!-- FilterTest -->
    </test> <!-- Test -->
  </suite> <!-- Suite -->
</testng-results>
