<?xml version="1.0" encoding="UTF-8"?>
<testng-results skipped="0" failed="0" ignored="0" total="1" passed="1">
  <reporter-output>
  </reporter-output>
  <suite name="Default suite" duration-ms="15392" started-at="2019-09-27T07:51:50Z" finished-at="2019-09-27T07:52:06Z">
    <groups>
    </groups>
    <test name="Default test" duration-ms="15392" started-at="2019-09-27T07:51:50Z" finished-at="2019-09-27T07:52:06Z">
      <class name="FilterTest">
        <test-method status="PASS" signature="f1()[pri:0, instance:FilterTest@4f933fd1]" name="f1" duration-ms="15298" started-at="2019-09-27T07:51:50Z" finished-at="2019-09-27T07:52:06Z">
          <reporter-output>
          </reporter-output>
        </test-method> <!-- f1 -->
      </class> <!-- FilterTest -->
    </test> <!-- Default test -->
  </suite> <!-- Default suite -->
</testng-results>
